<?xml version="1.0" encoding="utf-8"?><testsuites name="pytest tests"><testsuite name="pytest" errors="0" failures="0" skipped="0" tests="6" time="24.025" timestamp="2026-08-18T03:12:30.769031+00:00" hostname="agent-env-09f5910f-c214-4363-8b86-d82c3a045aab"><testcase classname="tests.test_coding.TestCodeModels" name="test_models_and_templates" time="0.661" /><testcase classname="tests.test_coding.TestReactViteTemplate" name="test_provisions_ready_with_vite_files" time="5.124" /><testcase classname="tests.test_coding.TestBlankTemplate" name="test_blank_has_readme_no_vite" time="4.509" /><testcase classname="tests.test_coding.TestNodeTemplate" name="test_node_has_index_and_package" time="4.462" /><testcase classname="tests.test_coding.TestPreviewSignedUrl" name="test_run_and_preview_no_auth0" time="18.326" /><testcase classname="tests.test_coding.TestCodingAgentEditsFile" name="test_chat_streams_and_edits_file" time="8.097" /></testsuite></testsuites>