<?xml version="1.0" encoding="utf-8"?><testsuites name="pytest tests"><testsuite name="pytest" errors="0" failures="1" skipped="0" tests="20" time="63.470" timestamp="2026-08-16T08:45:21.074327+00:00" hostname="agent-env-09f5910f-c214-4363-8b86-d82c3a045aab"><testcase classname="tests.backend_test.TestAuth" name="test_admin_login" time="0.438" /><testcase classname="tests.backend_test.TestAuth" name="test_login_bad_password" time="0.486" /><testcase classname="tests.backend_test.TestAuth" name="test_register_new_user" time="0.353" /><testcase classname="tests.backend_test.TestAuth" name="test_register_duplicate" time="0.045" /><testcase classname="tests.backend_test.TestAuth" name="test_me_with_bearer" time="0.375" /><testcase classname="tests.backend_test.TestAuth" name="test_me_unauth" time="0.046"><failure message="assert 200 == 401&#10; +  where 200 = &lt;Response [200]&gt;.status_code">tests/backend_test.py:61: in test_me_unauth
    assert r.status_code == 401
E   assert 200 == 401
E    +  where 200 = &lt;Response [200]&gt;.status_code</failure></testcase><testcase classname="tests.backend_test.TestWorkspaceBrain" name="test_workspace_created_and_brain_ready" time="21.496" /><testcase classname="tests.backend_test.TestWorkspaceBrain" name="test_brain_domains" time="0.000" /><testcase classname="tests.backend_test.TestWorkspaceBrain" name="test_patch_workspace_model" time="0.088" /><testcase classname="tests.backend_test.TestWorkspaceBrain" name="test_edit_brain" time="0.105" /><testcase classname="tests.backend_test.TestRoadmap" name="test_generate_roadmap" time="41.036" /><testcase classname="tests.backend_test.TestBlog" name="test_blog_generated_with_blocks" time="45.813" /><testcase classname="tests.backend_test.TestBlog" name="test_blog_edit" time="0.145" /><testcase classname="tests.backend_test.TestBlog" name="test_blog_publish" time="0.048" /><testcase classname="tests.backend_test.TestBlog" name="test_public_blog" time="0.094" /><testcase classname="tests.backend_test.TestModels" name="test_models_registry" time="0.043" /><testcase classname="tests.backend_test.TestManagerChat" name="test_chat_streams_real_answer" time="0.829" /><testcase classname="tests.backend_test.TestRoadmap" name="test_tasks_scheduled" time="0.088" /><testcase classname="tests.backend_test.TestEmbed" name="test_public_blogs" time="0.051" /><testcase classname="tests.backend_test.TestEmbed" name="test_widget_js" time="0.052" /></testsuite></testsuites>